<?xml version="1.0" encoding="UTF-8" ?>
<testsuite failures="0" time="2.407" errors="0" skipped="0" tests="9" name="com.terremark.AuthenticationTest">
  <properties>
[...]
</properties>
  <testcase time="1.81" classname="com.terremark.AuthenticationTest" name="testCloudApiAuthentication"/>
  <testcase time="0" classname="com.terremark.AuthenticationTest" name="testInvalidUri"/>
  <testcase time="0.001" classname="com.terremark.AuthenticationTest" name="testUserNoPassword"/>
  <testcase time="0.001" classname="com.terremark.AuthenticationTest" name="testAccessKeyNoPrivateKey"/>
  <testcase time="0" classname="com.terremark.AuthenticationTest" name="testNoCredentials"/>
  <testcase time="0" classname="com.terremark.AuthenticationTest" name="testInvalidContentType"/>
  <testcase time="0" classname="com.terremark.AuthenticationTest" name="testInvalidSignatureAlgorithm"/>
  <testcase time="0.594" classname="com.terremark.AuthenticationTest" name="testBasicAuthentication"/>
  <testcase time="0.001" classname="com.terremark.AuthenticationTest" name="testNoHttpClient"/>
</testsuite>